Determining if the __GLIBC__ exist failed with the following output:
Change Dir: C:/Users/Maku/VisualCodeProjects/c/classicWinGui/build/CMakeFiles/CMakeScratch/TryCompile-9jcmoi

Run Build Command(s):C:/msys64/mingw64/bin/ninja.exe cmTC_08d01 && [1/2] Building C object CMakeFiles/cmTC_08d01.dir/CheckSymbolExists.c.obj
FAILED: CMakeFiles/cmTC_08d01.dir/CheckSymbolExists.c.obj 
C:\msys64\mingw64\bin\cc.exe    -o CMakeFiles/cmTC_08d01.dir/CheckSymbolExists.c.obj -c C:/Users/Maku/VisualCodeProjects/c/classicWinGui/build/CMakeFiles/CMakeScratch/TryCompile-9jcmoi/CheckSymbolExists.c
C:/Users/Maku/VisualCodeProjects/c/classicWinGui/build/CMakeFiles/CMakeScratch/TryCompile-9jcmoi/CheckSymbolExists.c: In function 'main':
C:/Users/Maku/VisualCodeProjects/c/classicWinGui/build/CMakeFiles/CMakeScratch/TryCompile-9jcmoi/CheckSymbolExists.c:8:19: error: '__GLIBC__' undeclared (first use in this function); did you mean '__LINE__'?
    8 |   return ((int*)(&__GLIBC__))[argc];
      |                   ^~~~~~~~~
      |                   __LINE__
C:/Users/Maku/VisualCodeProjects/c/classicWinGui/build/CMakeFiles/CMakeScratch/TryCompile-9jcmoi/CheckSymbolExists.c:8:19: note: each undeclared identifier is reported only once for each function it appears in
ninja: build stopped: subcommand failed.


File CheckSymbolExists.c:
/* */
#include <stdlib.h>

int main(int argc, char** argv)
{
  (void)argv;
#ifndef __GLIBC__
  return ((int*)(&__GLIBC__))[argc];
#else
  (void)argc;
  return 0;
#endif
}

Performing C SOURCE FILE Test HAVE_GCC_WDOCUMENTATION failed with the following output:
Change Dir: C:/Users/Maku/VisualCodeProjects/c/classicWinGui/build/CMakeFiles/CMakeScratch/TryCompile-1qrjz2

Run Build Command(s):C:/msys64/mingw64/bin/ninja.exe cmTC_c0b43 && [1/2] Building C object CMakeFiles/cmTC_c0b43.dir/src.c.obj
FAILED: CMakeFiles/cmTC_c0b43.dir/src.c.obj 
C:\msys64\mingw64\bin\cc.exe -DHAVE_GCC_WDOCUMENTATION  -D_GNU_SOURCE=1   -Wdocumentation -o CMakeFiles/cmTC_c0b43.dir/src.c.obj -c C:/Users/Maku/VisualCodeProjects/c/classicWinGui/build/CMakeFiles/CMakeScratch/TryCompile-1qrjz2/src.c
cc.exe: error: unrecognized command-line option '-Wdocumentation'
ninja: build stopped: subcommand failed.


Source file was:
int main(void) { return 0; }

Performing C SOURCE FILE Test HAVE_GCC_WDOCUMENTATION_UNKNOWN_COMMAND failed with the following output:
Change Dir: C:/Users/Maku/VisualCodeProjects/c/classicWinGui/build/CMakeFiles/CMakeScratch/TryCompile-64l7wh

Run Build Command(s):C:/msys64/mingw64/bin/ninja.exe cmTC_75e4d && [1/2] Building C object CMakeFiles/cmTC_75e4d.dir/src.c.obj
FAILED: CMakeFiles/cmTC_75e4d.dir/src.c.obj 
C:\msys64\mingw64\bin\cc.exe -DHAVE_GCC_WDOCUMENTATION_UNKNOWN_COMMAND  -D_GNU_SOURCE=1   -Wdocumentation-unknown-command -o CMakeFiles/cmTC_75e4d.dir/src.c.obj -c C:/Users/Maku/VisualCodeProjects/c/classicWinGui/build/CMakeFiles/CMakeScratch/TryCompile-64l7wh/src.c
cc.exe: error: unrecognized command-line option '-Wdocumentation-unknown-command'
ninja: build stopped: subcommand failed.


Source file was:
int main(void) { return 0; }

Performing C SOURCE FILE Test HAVE_GCC_COMMENT_BLOCK_COMMANDS failed with the following output:
Change Dir: C:/Users/Maku/VisualCodeProjects/c/classicWinGui/build/CMakeFiles/CMakeScratch/TryCompile-b1dmkq

Run Build Command(s):C:/msys64/mingw64/bin/ninja.exe cmTC_6ef42 && [1/2] Building C object CMakeFiles/cmTC_6ef42.dir/src.c.obj
FAILED: CMakeFiles/cmTC_6ef42.dir/src.c.obj 
C:\msys64\mingw64\bin\cc.exe -DHAVE_GCC_COMMENT_BLOCK_COMMANDS  -D_GNU_SOURCE=1   -fcomment-block-commands=threadsafety -o CMakeFiles/cmTC_6ef42.dir/src.c.obj -c C:/Users/Maku/VisualCodeProjects/c/classicWinGui/build/CMakeFiles/CMakeScratch/TryCompile-b1dmkq/src.c
cc.exe: error: unrecognized command-line option '-fcomment-block-commands=threadsafety'
ninja: build stopped: subcommand failed.


Source file was:
int main(void) { return 0; }

Performing C SOURCE FILE Test HAVE_CLANG_COMMENT_BLOCK_COMMANDS failed with the following output:
Change Dir: C:/Users/Maku/VisualCodeProjects/c/classicWinGui/build/CMakeFiles/CMakeScratch/TryCompile-j53tbs

Run Build Command(s):C:/msys64/mingw64/bin/ninja.exe cmTC_8321a && [1/2] Building C object CMakeFiles/cmTC_8321a.dir/src.c.obj
FAILED: CMakeFiles/cmTC_8321a.dir/src.c.obj 
C:\msys64\mingw64\bin\cc.exe -DHAVE_CLANG_COMMENT_BLOCK_COMMANDS  -D_GNU_SOURCE=1   /clang:-fcomment-block-commands=threadsafety -o CMakeFiles/cmTC_8321a.dir/src.c.obj -c C:/Users/Maku/VisualCodeProjects/c/classicWinGui/build/CMakeFiles/CMakeScratch/TryCompile-j53tbs/src.c
cc.exe: warning: /clang:-fcomment-block-commands=threadsafety: linker input file unused because linking not done
cc.exe: error: /clang:-fcomment-block-commands=threadsafety: linker input file not found: No such file or directory
ninja: build stopped: subcommand failed.


Source file was:
int main(void) { return 0; }

Performing C SOURCE FILE Test HAVE_GCC_FVISIBILITY failed with the following output:
Change Dir: C:/Users/Maku/VisualCodeProjects/c/classicWinGui/build/CMakeFiles/CMakeScratch/TryCompile-zmnl8n

Run Build Command(s):C:/msys64/mingw64/bin/ninja.exe cmTC_ba608 && [1/2] Building C object CMakeFiles/cmTC_ba608.dir/src.c.obj
FAILED: CMakeFiles/cmTC_ba608.dir/src.c.obj 
C:\msys64\mingw64\bin\cc.exe -DHAVE_GCC_FVISIBILITY  -D_GNU_SOURCE=1 -fvisibility=hidden -Werror -o CMakeFiles/cmTC_ba608.dir/src.c.obj -c C:/Users/Maku/VisualCodeProjects/c/classicWinGui/build/CMakeFiles/CMakeScratch/TryCompile-zmnl8n/src.c
C:/Users/Maku/VisualCodeProjects/c/classicWinGui/build/CMakeFiles/CMakeScratch/TryCompile-zmnl8n/src.c: In function 'bar':
C:/Users/Maku/VisualCodeProjects/c/classicWinGui/build/CMakeFiles/CMakeScratch/TryCompile-zmnl8n/src.c:8:33: error: visibility attribute not supported in this configuration; ignored [-Werror=attributes]
    8 |       int bar(void) { return 1; }
      |                                 ^
cc1.exe: all warnings being treated as errors
ninja: build stopped: subcommand failed.


Source file was:

      #if !defined(__GNUC__) || __GNUC__ < 4
      #error SDL only uses visibility attributes in GCC 4 or newer
      #endif
      __attribute__((visibility("default"))) int foo(void);
      __attribute__((visibility("hidden")))  int bar(void);
      int foo(void) { return 0; }
      int bar(void) { return 1; }
      int main(void) { return 0; }

Performing C SOURCE FILE Test HAVE_XINPUT_GAMEPAD_EX failed with the following output:
Change Dir: C:/Users/Maku/VisualCodeProjects/c/classicWinGui/build/CMakeFiles/CMakeScratch/TryCompile-utxs33

Run Build Command(s):C:/msys64/mingw64/bin/ninja.exe cmTC_7baab && [1/2] Building C object CMakeFiles/cmTC_7baab.dir/src.c.obj
FAILED: CMakeFiles/cmTC_7baab.dir/src.c.obj 
C:\msys64\mingw64\bin\cc.exe -DHAVE_XINPUT_GAMEPAD_EX  -D_GNU_SOURCE=1 -o CMakeFiles/cmTC_7baab.dir/src.c.obj -c C:/Users/Maku/VisualCodeProjects/c/classicWinGui/build/CMakeFiles/CMakeScratch/TryCompile-utxs33/src.c
C:/Users/Maku/VisualCodeProjects/c/classicWinGui/build/CMakeFiles/CMakeScratch/TryCompile-utxs33/src.c:4:7: error: unknown type name 'XINPUT_GAMEPAD_EX'; did you mean 'XINPUT_GAMEPAD_X'?
    4 |       XINPUT_GAMEPAD_EX x1;
      |       ^~~~~~~~~~~~~~~~~
      |       XINPUT_GAMEPAD_X
ninja: build stopped: subcommand failed.


Source file was:

      #include <windows.h>
      #include <xinput.h>
      XINPUT_GAMEPAD_EX x1;
      int main(int argc, char **argv) { return 0; }

Performing C SOURCE FILE Test HAVE_XINPUT_STATE_EX failed with the following output:
Change Dir: C:/Users/Maku/VisualCodeProjects/c/classicWinGui/build/CMakeFiles/CMakeScratch/TryCompile-128v9c

Run Build Command(s):C:/msys64/mingw64/bin/ninja.exe cmTC_65cde && [1/2] Building C object CMakeFiles/cmTC_65cde.dir/src.c.obj
FAILED: CMakeFiles/cmTC_65cde.dir/src.c.obj 
C:\msys64\mingw64\bin\cc.exe -DHAVE_XINPUT_STATE_EX  -D_GNU_SOURCE=1 -o CMakeFiles/cmTC_65cde.dir/src.c.obj -c C:/Users/Maku/VisualCodeProjects/c/classicWinGui/build/CMakeFiles/CMakeScratch/TryCompile-128v9c/src.c
C:/Users/Maku/VisualCodeProjects/c/classicWinGui/build/CMakeFiles/CMakeScratch/TryCompile-128v9c/src.c:4:7: error: unknown type name 'XINPUT_STATE_EX'; did you mean 'XINPUT_STATE'?
    4 |       XINPUT_STATE_EX s1;
      |       ^~~~~~~~~~~~~~~
      |       XINPUT_STATE
ninja: build stopped: subcommand failed.


Source file was:

      #include <windows.h>
      #include <xinput.h>
      XINPUT_STATE_EX s1;
      int main(int argc, char **argv) { return 0; }

Performing C SOURCE FILE Test CHECK_CPU_ARCHITECTURE_X86 failed with the following output:
Change Dir: C:/Users/Maku/VisualCodeProjects/c/classicWinGui/build/CMakeFiles/CMakeScratch/TryCompile-ftkps2

Run Build Command(s):C:/msys64/mingw64/bin/ninja.exe cmTC_fc811 && [1/2] Building C object CMakeFiles/cmTC_fc811.dir/src.c.obj
FAILED: CMakeFiles/cmTC_fc811.dir/src.c.obj 
C:\msys64\mingw64\bin\cc.exe -DCHECK_CPU_ARCHITECTURE_X86   -o CMakeFiles/cmTC_fc811.dir/src.c.obj -c C:/Users/Maku/VisualCodeProjects/c/classicWinGui/build/CMakeFiles/CMakeScratch/TryCompile-ftkps2/src.c
C:/Users/Maku/VisualCodeProjects/c/classicWinGui/build/CMakeFiles/CMakeScratch/TryCompile-ftkps2/src.c: In function 'main':
C:/Users/Maku/VisualCodeProjects/c/classicWinGui/build/CMakeFiles/CMakeScratch/TryCompile-ftkps2/src.c:6:3: error: 'choke' undeclared (first use in this function)
    6 |   choke
      |   ^~~~~
C:/Users/Maku/VisualCodeProjects/c/classicWinGui/build/CMakeFiles/CMakeScratch/TryCompile-ftkps2/src.c:6:3: note: each undeclared identifier is reported only once for each function it appears in
C:/Users/Maku/VisualCodeProjects/c/classicWinGui/build/CMakeFiles/CMakeScratch/TryCompile-ftkps2/src.c:6:8: error: expected ';' before '}' token
    6 |   choke
      |        ^
      |        ;
    7 | #endif
    8 | }
      | ~       
ninja: build stopped: subcommand failed.


Source file was:

int main(int argc, char *argv[]) {
#if defined(__i386__) || defined(__i486__) || defined(__i586__) || defined(__i686__) ||defined( __i386) || defined(_M_IX86)
  return 0;
#else
  choke
#endif
}


Performing C SOURCE FILE Test CHECK_CPU_ARCHITECTURE_ARM32 failed with the following output:
Change Dir: C:/Users/Maku/VisualCodeProjects/c/classicWinGui/build/CMakeFiles/CMakeScratch/TryCompile-a1305l

Run Build Command(s):C:/msys64/mingw64/bin/ninja.exe cmTC_d031b && [1/2] Building C object CMakeFiles/cmTC_d031b.dir/src.c.obj
FAILED: CMakeFiles/cmTC_d031b.dir/src.c.obj 
C:\msys64\mingw64\bin\cc.exe -DCHECK_CPU_ARCHITECTURE_ARM32   -o CMakeFiles/cmTC_d031b.dir/src.c.obj -c C:/Users/Maku/VisualCodeProjects/c/classicWinGui/build/CMakeFiles/CMakeScratch/TryCompile-a1305l/src.c
C:/Users/Maku/VisualCodeProjects/c/classicWinGui/build/CMakeFiles/CMakeScratch/TryCompile-a1305l/src.c: In function 'main':
C:/Users/Maku/VisualCodeProjects/c/classicWinGui/build/CMakeFiles/CMakeScratch/TryCompile-a1305l/src.c:6:3: error: 'choke' undeclared (first use in this function)
    6 |   choke
      |   ^~~~~
C:/Users/Maku/VisualCodeProjects/c/classicWinGui/build/CMakeFiles/CMakeScratch/TryCompile-a1305l/src.c:6:3: note: each undeclared identifier is reported only once for each function it appears in
C:/Users/Maku/VisualCodeProjects/c/classicWinGui/build/CMakeFiles/CMakeScratch/TryCompile-a1305l/src.c:6:8: error: expected ';' before '}' token
    6 |   choke
      |        ^
      |        ;
    7 | #endif
    8 | }
      | ~       
ninja: build stopped: subcommand failed.


Source file was:

int main(int argc, char *argv[]) {
#if defined(__arm__) || defined(_M_ARM)
  return 0;
#else
  choke
#endif
}


Performing C SOURCE FILE Test CHECK_CPU_ARCHITECTURE_ARM64 failed with the following output:
Change Dir: C:/Users/Maku/VisualCodeProjects/c/classicWinGui/build/CMakeFiles/CMakeScratch/TryCompile-ffs580

Run Build Command(s):C:/msys64/mingw64/bin/ninja.exe cmTC_af237 && [1/2] Building C object CMakeFiles/cmTC_af237.dir/src.c.obj
FAILED: CMakeFiles/cmTC_af237.dir/src.c.obj 
C:\msys64\mingw64\bin\cc.exe -DCHECK_CPU_ARCHITECTURE_ARM64   -o CMakeFiles/cmTC_af237.dir/src.c.obj -c C:/Users/Maku/VisualCodeProjects/c/classicWinGui/build/CMakeFiles/CMakeScratch/TryCompile-ffs580/src.c
C:/Users/Maku/VisualCodeProjects/c/classicWinGui/build/CMakeFiles/CMakeScratch/TryCompile-ffs580/src.c: In function 'main':
C:/Users/Maku/VisualCodeProjects/c/classicWinGui/build/CMakeFiles/CMakeScratch/TryCompile-ffs580/src.c:6:3: error: 'choke' undeclared (first use in this function)
    6 |   choke
      |   ^~~~~
C:/Users/Maku/VisualCodeProjects/c/classicWinGui/build/CMakeFiles/CMakeScratch/TryCompile-ffs580/src.c:6:3: note: each undeclared identifier is reported only once for each function it appears in
C:/Users/Maku/VisualCodeProjects/c/classicWinGui/build/CMakeFiles/CMakeScratch/TryCompile-ffs580/src.c:6:8: error: expected ';' before '}' token
    6 |   choke
      |        ^
      |        ;
    7 | #endif
    8 | }
      | ~       
ninja: build stopped: subcommand failed.


Source file was:

int main(int argc, char *argv[]) {
#if defined(__aarch64__) || defined(_M_ARM64)
  return 0;
#else
  choke
#endif
}


Performing C SOURCE FILE Test CHECK_CPU_ARCHITECTURE_LOONGARCH64 failed with the following output:
Change Dir: C:/Users/Maku/VisualCodeProjects/c/classicWinGui/build/CMakeFiles/CMakeScratch/TryCompile-c3quyx

Run Build Command(s):C:/msys64/mingw64/bin/ninja.exe cmTC_30aa8 && [1/2] Building C object CMakeFiles/cmTC_30aa8.dir/src.c.obj
FAILED: CMakeFiles/cmTC_30aa8.dir/src.c.obj 
C:\msys64\mingw64\bin\cc.exe -DCHECK_CPU_ARCHITECTURE_LOONGARCH64   -o CMakeFiles/cmTC_30aa8.dir/src.c.obj -c C:/Users/Maku/VisualCodeProjects/c/classicWinGui/build/CMakeFiles/CMakeScratch/TryCompile-c3quyx/src.c
C:/Users/Maku/VisualCodeProjects/c/classicWinGui/build/CMakeFiles/CMakeScratch/TryCompile-c3quyx/src.c: In function 'main':
C:/Users/Maku/VisualCodeProjects/c/classicWinGui/build/CMakeFiles/CMakeScratch/TryCompile-c3quyx/src.c:6:3: error: 'choke' undeclared (first use in this function)
    6 |   choke
      |   ^~~~~
C:/Users/Maku/VisualCodeProjects/c/classicWinGui/build/CMakeFiles/CMakeScratch/TryCompile-c3quyx/src.c:6:3: note: each undeclared identifier is reported only once for each function it appears in
C:/Users/Maku/VisualCodeProjects/c/classicWinGui/build/CMakeFiles/CMakeScratch/TryCompile-c3quyx/src.c:6:8: error: expected ';' before '}' token
    6 |   choke
      |        ^
      |        ;
    7 | #endif
    8 | }
      | ~       
ninja: build stopped: subcommand failed.


Source file was:

int main(int argc, char *argv[]) {
#if defined(__loongarch64)
  return 0;
#else
  choke
#endif
}


Performing C SOURCE FILE Test HAVE_GCC_PREFERRED_STACK_BOUNDARY failed with the following output:
Change Dir: C:/Users/Maku/VisualCodeProjects/c/classicWinGui/build/CMakeFiles/CMakeScratch/TryCompile-1n0i87

Run Build Command(s):C:/msys64/mingw64/bin/ninja.exe cmTC_f2a3b && [1/2] Building C object CMakeFiles/cmTC_f2a3b.dir/src.c.obj
FAILED: CMakeFiles/cmTC_f2a3b.dir/src.c.obj 
C:\msys64\mingw64\bin\cc.exe -DHAVE_GCC_PREFERRED_STACK_BOUNDARY  -idirafter "C:/Users/Maku/VisualCodeProjects/c/classicWinGui/SDL/src/video/khronos" -mpreferred-stack-boundary=2 -o CMakeFiles/cmTC_f2a3b.dir/src.c.obj -c C:/Users/Maku/VisualCodeProjects/c/classicWinGui/build/CMakeFiles/CMakeScratch/TryCompile-1n0i87/src.c
cc1.exe: error: '-mpreferred-stack-boundary=2' is not between 3 and 4
ninja: build stopped: subcommand failed.


Source file was:
int x = 0; int main(int argc, char **argv) { return 0; }

Performing C SOURCE FILE Test HAVE_ALTIVEC_H_HDR failed with the following output:
Change Dir: C:/Users/Maku/VisualCodeProjects/c/classicWinGui/build/CMakeFiles/CMakeScratch/TryCompile-fl7wjy

Run Build Command(s):C:/msys64/mingw64/bin/ninja.exe cmTC_1f3a1 && [1/2] Building C object CMakeFiles/cmTC_1f3a1.dir/src.c.obj
FAILED: CMakeFiles/cmTC_1f3a1.dir/src.c.obj 
C:\msys64\mingw64\bin\cc.exe -DHAVE_ALTIVEC_H_HDR  -idirafter "C:/Users/Maku/VisualCodeProjects/c/classicWinGui/SDL/src/video/khronos" -maltivec -o CMakeFiles/cmTC_1f3a1.dir/src.c.obj -c C:/Users/Maku/VisualCodeProjects/c/classicWinGui/build/CMakeFiles/CMakeScratch/TryCompile-fl7wjy/src.c
cc.exe: error: unrecognized command-line option '-maltivec'
ninja: build stopped: subcommand failed.


Source file was:

          #include <altivec.h>
          vector unsigned int vzero() {
              return vec_splat_u32(0);
          }
          int main(int argc, char **argv) { return 0; }

Performing C SOURCE FILE Test CPU_SUPPORTS_ALTIVEC failed with the following output:
Change Dir: C:/Users/Maku/VisualCodeProjects/c/classicWinGui/build/CMakeFiles/CMakeScratch/TryCompile-dneq3w

Run Build Command(s):C:/msys64/mingw64/bin/ninja.exe cmTC_450d6 && [1/2] Building C object CMakeFiles/cmTC_450d6.dir/src.c.obj
FAILED: CMakeFiles/cmTC_450d6.dir/src.c.obj 
C:\msys64\mingw64\bin\cc.exe -DCPU_SUPPORTS_ALTIVEC  -idirafter "C:/Users/Maku/VisualCodeProjects/c/classicWinGui/SDL/src/video/khronos" -maltivec -o CMakeFiles/cmTC_450d6.dir/src.c.obj -c C:/Users/Maku/VisualCodeProjects/c/classicWinGui/build/CMakeFiles/CMakeScratch/TryCompile-dneq3w/src.c
cc.exe: error: unrecognized command-line option '-maltivec'
ninja: build stopped: subcommand failed.


Source file was:

          vector unsigned int vzero() {
              return vec_splat_u32(0);
          }
          int main(int argc, char **argv) { return 0; }

